2020-04-14 21:24:35.495  INFO 16600 --- [main] c.j.jiangsu.tax2.JiangsuTax2Application  : Starting JiangsuTax2Application on LAPTOP-YYC with PID 16600 (C:\Users\Reeye\WorkSpace\IdeaProjects\jiangsu-tax2\target\classes started by Reeye in C:\Users\Reeye\WorkSpace\IdeaProjects\jiangsu-tax2)
2020-04-14 21:24:35.498 DEBUG 16600 --- [main] c.j.jiangsu.tax2.JiangsuTax2Application  : Running with Spring Boot v2.2.6.RELEASE, Spring v5.2.5.RELEASE
2020-04-14 21:24:35.498  INFO 16600 --- [main] c.j.jiangsu.tax2.JiangsuTax2Application  : The following profiles are active: dev
2020-04-14 21:24:36.074  INFO 16600 --- [main] .s.d.r.c.RepositoryConfigurationDelegate : Bootstrapping Spring Data JPA repositories in DEFAULT mode.
2020-04-14 21:24:36.145  INFO 16600 --- [main] .s.d.r.c.RepositoryConfigurationDelegate : Finished Spring Data repository scanning in 60ms. Found 1 JPA repository interfaces.
2020-04-14 21:24:36.573  INFO 16600 --- [main] o.s.b.w.embedded.tomcat.TomcatWebServer  : Tomcat initialized with port(s): 8080 (http)
2020-04-14 21:24:36.581  INFO 16600 --- [main] o.apache.catalina.core.StandardService   : Starting service [Tomcat]
2020-04-14 21:24:36.582  INFO 16600 --- [main] org.apache.catalina.core.StandardEngine  : Starting Servlet engine: [Apache Tomcat/9.0.33]
2020-04-14 21:24:36.710  INFO 16600 --- [main] o.a.c.c.C.[Tomcat].[localhost].[/]       : Initializing Spring embedded WebApplicationContext
2020-04-14 21:24:36.710  INFO 16600 --- [main] o.s.web.context.ContextLoader            : Root WebApplicationContext: initialization completed in 1163 ms
2020-04-14 21:24:36.756  INFO 16600 --- [main] c.a.d.s.b.a.DruidDataSourceAutoConfigure : Init DruidDataSource
2020-04-14 21:24:36.846  INFO 16600 --- [main] com.alibaba.druid.pool.DruidDataSource   : {dataSource-1} inited
2020-04-14 21:24:36.911  INFO 16600 --- [main] o.hibernate.jpa.internal.util.LogHelper  : HHH000204: Processing PersistenceUnitInfo [name: default]
2020-04-14 21:24:36.966  INFO 16600 --- [main] org.hibernate.Version                    : HHH000412: Hibernate ORM core version 5.4.12.Final
2020-04-14 21:24:37.139  INFO 16600 --- [main] o.hibernate.annotations.common.Version   : HCANN000001: Hibernate Commons Annotations {5.1.0.Final}
2020-04-14 21:24:37.786  INFO 16600 --- [main] org.hibernate.dialect.Dialect            : HHH000400: Using dialect: org.hibernate.dialect.SQLServer2008Dialect
2020-04-14 21:24:38.571  INFO 16600 --- [main] o.h.e.t.j.p.i.JtaPlatformInitiator       : HHH000490: Using JtaPlatform implementation: [org.hibernate.engine.transaction.jta.platform.internal.NoJtaPlatform]
2020-04-14 21:24:38.581  INFO 16600 --- [main] j.LocalContainerEntityManagerFactoryBean : Initialized JPA EntityManagerFactory for persistence unit 'default'
2020-04-14 21:24:38.929  WARN 16600 --- [main] JpaBaseConfiguration$JpaWebConfiguration : spring.jpa.open-in-view is enabled by default. Therefore, database queries may be performed during view rendering. Explicitly configure spring.jpa.open-in-view to disable this warning
2020-04-14 21:24:39.057  INFO 16600 --- [main] o.s.s.concurrent.ThreadPoolTaskExecutor  : Initializing ExecutorService 'applicationTaskExecutor'
2020-04-14 21:24:39.303  INFO 16600 --- [main] o.s.b.w.embedded.tomcat.TomcatWebServer  : Tomcat started on port(s): 8080 (http) with context path ''
2020-04-14 21:24:39.304  INFO 16600 --- [main] c.j.jiangsu.tax2.JiangsuTax2Application  : Started JiangsuTax2Application in 4.355 seconds (JVM running for 5.303)
2020-04-14 21:24:53.955  INFO 16600 --- [http-nio-8080-exec-1] o.a.c.c.C.[Tomcat].[localhost].[/]       : Initializing Spring DispatcherServlet 'dispatcherServlet'
2020-04-14 21:24:53.955  INFO 16600 --- [http-nio-8080-exec-1] o.s.web.servlet.DispatcherServlet        : Initializing Servlet 'dispatcherServlet'
2020-04-14 21:24:53.961  INFO 16600 --- [http-nio-8080-exec-1] o.s.web.servlet.DispatcherServlet        : Completed initialization in 6 ms
